<?xml version="1.0" encoding="UTF-8"?>
<!-- Generated by org.testng.reporters.JUnitReportReporter -->
<testsuite hostname="MAVPUN05222470" failures="0" tests="4" name="com.maveric.project.test.SecuredFakeApiTest" time="4.377" errors="0" timestamp="2024-07-03T11:24:12 IST" skipped="0">
  <testcase classname="com.maveric.project.test.SecuredFakeApiTest" name="test1" time="1.941"/>
  <testcase classname="com.maveric.project.test.SecuredFakeApiTest" name="test2" time="0.648"/>
  <testcase classname="com.maveric.project.test.SecuredFakeApiTest" name="test4" time="0.651"/>
  <testcase classname="com.maveric.project.test.SecuredFakeApiTest" name="test3" time="1.137"/>
</testsuite> <!-- com.maveric.project.test.SecuredFakeApiTest -->
